<?xml version="1.0" encoding="UTF-8"?>
<testng-results skipped="0" failed="0" total="1" passed="1">
  <reporter-output>
  </reporter-output>
  <suite name="Default suite" duration-ms="48674" started-at="2019-04-02T13:18:53Z" finished-at="2019-04-02T13:19:41Z">
    <groups>
    </groups>
    <test name="Default test" duration-ms="48674" started-at="2019-04-02T13:18:53Z" finished-at="2019-04-02T13:19:41Z">
      <class name="com.hrms.testscripts.TC_101_VerifyLogin">
        <test-method status="PASS" signature="tc101()[pri:0, instance:com.hrms.testscripts.TC_101_VerifyLogin@5f2050f6]" name="tc101" duration-ms="48653" started-at="2019-04-02T18:48:53Z" finished-at="2019-04-02T18:49:41Z">
          <reporter-output>
          </reporter-output>
        </test-method> <!-- tc101 -->
      </class> <!-- com.hrms.testscripts.TC_101_VerifyLogin -->
    </test> <!-- Default test -->
  </suite> <!-- Default suite -->
</testng-results>
